This is pdfTeX, Version 3.14159265-2.6-1.40.16 (TeX Live 2015/Debian) (preloaded format=pdflatex 2017.8.26)  6 SEP 2017 10:39
entering extended mode
 restricted \write18 enabled.
 %&-line parsing enabled.
**\nonstopmode \input ./gRain-intro.tex
(./gRain-intro.tex (/usr/share/texlive/texmf-dist/tex/latex/base/article.cls
Document Class: article 2014/09/29 v1.4h Standard LaTeX document class
(/usr/share/texlive/texmf-dist/tex/latex/base/size10.clo
File: size10.clo 2014/09/29 v1.4h Standard LaTeX file (size option)
)
\c@part=\count79
\c@section=\count80
\c@subsection=\count81
\c@subsubsection=\count82
\c@paragraph=\count83
\c@subparagraph=\count84
\c@figure=\count85
\c@table=\count86
\abovecaptionskip=\skip41
\belowcaptionskip=\skip42
\bibindent=\dimen102
)
(/usr/share/texlive/texmf-dist/tex/latex/graphics/graphicx.sty
Package: graphicx 2014/10/28 v1.0g Enhanced LaTeX Graphics (DPC,SPQR)

(/usr/share/texlive/texmf-dist/tex/latex/graphics/keyval.sty
Package: keyval 2014/10/28 v1.15 key=value parser (DPC)
\KV@toks@=\toks14
)
(/usr/share/texlive/texmf-dist/tex/latex/graphics/graphics.sty
Package: graphics 2016/01/03 v1.0q Standard LaTeX Graphics (DPC,SPQR)

(/usr/share/texlive/texmf-dist/tex/latex/graphics/trig.sty
Package: trig 2016/01/03 v1.10 sin cos tan (DPC)
)
(/usr/share/texlive/texmf-dist/tex/latex/latexconfig/graphics.cfg
File: graphics.cfg 2010/04/23 v1.9 graphics configuration of TeX Live
)
Package graphics Info: Driver file: pdftex.def on input line 95.

(/usr/share/texlive/texmf-dist/tex/latex/pdftex-def/pdftex.def
File: pdftex.def 2011/05/27 v0.06d Graphics/color for pdfTeX

(/usr/share/texlive/texmf-dist/tex/generic/oberdiek/infwarerr.sty
Package: infwarerr 2010/04/08 v1.3 Providing info/warning/error messages (HO)
)
(/usr/share/texlive/texmf-dist/tex/generic/oberdiek/ltxcmds.sty
Package: ltxcmds 2011/11/09 v1.22 LaTeX kernel commands for general use (HO)
)
\Gread@gobject=\count87
))
\Gin@req@height=\dimen103
\Gin@req@width=\dimen104
)
(/usr/share/texlive/texmf-dist/tex/latex/graphics/color.sty
Package: color 2016/01/03 v1.1b Standard LaTeX Color (DPC)

(/usr/share/texlive/texmf-dist/tex/latex/latexconfig/color.cfg
File: color.cfg 2007/01/18 v1.5 color configuration of teTeX/TeXLive
)
Package color Info: Driver file: pdftex.def on input line 143.
)
(/usr/share/texlive/texmf-dist/tex/latex/framed/framed.sty
Package: framed 2011/10/22 v 0.96: framed or shaded text with page breaks
\OuterFrameSep=\skip43
\fb@frw=\dimen105
\fb@frh=\dimen106
\FrameRule=\dimen107
\FrameSep=\dimen108
)
(/usr/share/texlive/texmf-dist/tex/latex/base/alltt.sty
Package: alltt 1997/06/16 v2.0g defines alltt environment
)
(/usr/share/texlive/texmf-dist/tex/latex/boxedminipage/boxedminipage.sty)
(/usr/share/texlive/texmf-dist/tex/latex/a4wide/a4wide.sty
Package: a4wide 1994/08/30

(/usr/share/texlive/texmf-dist/tex/latex/ntgclass/a4.sty
Package: a4 2004/04/15 v1.2g A4 based page layout
))
(/usr/share/texlive/texmf-dist/tex/latex/url/url.sty
\Urlmuskip=\muskip10
Package: url 2013/09/16  ver 3.4  Verb mode for urls, etc.
)
(/usr/share/texlive/texmf-dist/tex/latex/base/inputenc.sty
Package: inputenc 2015/03/17 v1.2c Input encoding file
\inpenc@prehook=\toks15
\inpenc@posthook=\toks16

(/usr/share/texlive/texmf-dist/tex/latex/base/latin1.def
File: latin1.def 2015/03/17 v1.2c Input encoding file
))
(/usr/share/texlive/texmf-dist/tex/latex/natbib/natbib.sty
Package: natbib 2010/09/13 8.31b (PWD, AO)
\bibhang=\skip44
\bibsep=\skip45
LaTeX Info: Redefining \cite on input line 694.
\c@NAT@ctr=\count88
)
(/usr/share/texlive/texmf-dist/tex/latex/etoolbox/etoolbox.sty
Package: etoolbox 2015/08/02 v2.2a e-TeX tools for LaTeX (JAW)
\etb@tempcnta=\count89
)
(/usr/share/texlive/texmf-dist/tex/latex/upquote/upquote.sty
Package: upquote 2012/04/19 v1.3 upright-quote and grave-accent glyphs in verba
tim
)
(/home/sorenh/rdevel/gmwR-DEVEL/grainDEVEL/gRain/vignettes/gRain-intro.aux)
\openout1 = `gRain-intro.aux'.

LaTeX Font Info:    Checking defaults for OML/cmm/m/it on input line 89.
LaTeX Font Info:    ... okay on input line 89.
LaTeX Font Info:    Checking defaults for T1/cmr/m/n on input line 89.
LaTeX Font Info:    ... okay on input line 89.
LaTeX Font Info:    Checking defaults for OT1/cmr/m/n on input line 89.
LaTeX Font Info:    ... okay on input line 89.
LaTeX Font Info:    Checking defaults for OMS/cmsy/m/n on input line 89.
LaTeX Font Info:    ... okay on input line 89.
LaTeX Font Info:    Checking defaults for OMX/cmex/m/n on input line 89.
LaTeX Font Info:    ... okay on input line 89.
LaTeX Font Info:    Checking defaults for U/cmr/m/n on input line 89.
LaTeX Font Info:    ... okay on input line 89.

(/usr/share/texlive/texmf-dist/tex/context/base/supp-pdf.mkii
[Loading MPS to PDF converter (version 2006.09.02).]
\scratchcounter=\count90
\scratchdimen=\dimen109
\scratchbox=\box26
\nofMPsegments=\count91
\nofMParguments=\count92
\everyMPshowfont=\toks17
\MPscratchCnt=\count93
\MPscratchDim=\dimen110
\MPnumerator=\count94
\makeMPintoPDFobject=\count95
\everyMPtoPDFconversion=\toks18
) (/usr/share/texlive/texmf-dist/tex/generic/oberdiek/pdftexcmds.sty
Package: pdftexcmds 2011/11/29 v0.20 Utility functions of pdfTeX for LuaTeX (HO
)

(/usr/share/texlive/texmf-dist/tex/generic/oberdiek/ifluatex.sty
Package: ifluatex 2010/03/01 v1.3 Provides the ifluatex switch (HO)
Package ifluatex Info: LuaTeX not detected.
)
(/usr/share/texlive/texmf-dist/tex/generic/oberdiek/ifpdf.sty
Package: ifpdf 2011/01/30 v2.3 Provides the ifpdf switch (HO)
Package ifpdf Info: pdfTeX in PDF mode is detected.
)
Package pdftexcmds Info: LuaTeX not detected.
Package pdftexcmds Info: \pdf@primitive is available.
Package pdftexcmds Info: \pdf@ifprimitive is available.
Package pdftexcmds Info: \pdfdraftmode found.
)
(/usr/share/texlive/texmf-dist/tex/latex/oberdiek/epstopdf-base.sty
Package: epstopdf-base 2010/02/09 v2.5 Base part for package epstopdf

(/usr/share/texlive/texmf-dist/tex/latex/oberdiek/grfext.sty
Package: grfext 2010/08/19 v1.1 Manage graphics extensions (HO)

(/usr/share/texlive/texmf-dist/tex/generic/oberdiek/kvdefinekeys.sty
Package: kvdefinekeys 2011/04/07 v1.3 Define keys (HO)
))
(/usr/share/texlive/texmf-dist/tex/latex/oberdiek/kvoptions.sty
Package: kvoptions 2011/06/30 v3.11 Key value format for package options (HO)

(/usr/share/texlive/texmf-dist/tex/generic/oberdiek/kvsetkeys.sty
Package: kvsetkeys 2012/04/25 v1.16 Key value parser (HO)

(/usr/share/texlive/texmf-dist/tex/generic/oberdiek/etexcmds.sty
Package: etexcmds 2011/02/16 v1.5 Avoid name clashes with e-TeX commands (HO)
Package etexcmds Info: Could not find \expanded.
(etexcmds)             That can mean that you are not using pdfTeX 1.50 or
(etexcmds)             that some package has redefined \expanded.
(etexcmds)             In the latter case, load this package earlier.
)))
Package grfext Info: Graphics extension search list:
(grfext)             [.png,.pdf,.jpg,.mps,.jpeg,.jbig2,.jb2,.PNG,.PDF,.JPG,.JPE
G,.JBIG2,.JB2,.eps]
(grfext)             \AppendGraphicsExtensions on input line 452.

(/usr/share/texlive/texmf-dist/tex/latex/latexconfig/epstopdf-sys.cfg
File: epstopdf-sys.cfg 2010/07/13 v1.3 Configuration of (r)epstopdf for TeX Liv
e
))
LaTeX Font Info:    External font `cmex10' loaded for size
(Font)              <12> on input line 90.
LaTeX Font Info:    External font `cmex10' loaded for size
(Font)              <8> on input line 90.
LaTeX Font Info:    External font `cmex10' loaded for size
(Font)              <6> on input line 90.

(/home/sorenh/rdevel/gmwR-DEVEL/grainDEVEL/gRain/vignettes/gRain-intro.toc
LaTeX Font Info:    External font `cmex10' loaded for size
(Font)              <7> on input line 3.
LaTeX Font Info:    External font `cmex10' loaded for size
(Font)              <5> on input line 3.
)
\tf@toc=\write3
\openout3 = `gRain-intro.toc'.

Package color Info: Redefining color shadecolor on input line 102.
LaTeX Font Info:    Font shape `OT1/cmtt/bx/n' in size <10> not available
(Font)              Font shape `OT1/cmtt/m/n' tried instead on input line 104.

Overfull \hbox (5.91pt too wide) in paragraph at lines 126--126
[]\OT1/cmtt/m/n/10 ##     title = {Graphical Independence Networks with the {gR
ain} Package for {R}},[] 
 []

[1

{/var/lib/texmf/fonts/map/pdftex/updmap/pdftex.map}]
Package color Info: Redefining color shadecolor on input line 161.

<figures/grain-chest-LS-1.pdf, id=12, 505.89pt x 216.81pt>
File: figures/grain-chest-LS-1.pdf Graphic file (type pdf)

<use figures/grain-chest-LS-1.pdf>
Package pdftex.def Info: figures/grain-chest-LS-1.pdf used on input line 162.
(pdftex.def)             Requested size: 424.58624pt x 181.97028pt.

Overfull \hbox (2.45216pt too wide) in paragraph at lines 170--184
[]$\OT1/cmr/m/n/10 , $\OML/cmm/m/it/10 ^^U \OT1/cmr/m/n/10 = []$, $\OML/cmm/m/i
t/10 ^^L \OT1/cmr/m/n/10 = []$, $\OML/cmm/m/it/10 ^^O \OT1/cmr/m/n/10 = []$, $\
OML/cmm/m/it/10 ^^N \OT1/cmr/m/n/10 = []$
 []

[2 </home/sorenh/rdevel/gmwR-DEVEL/grainDEVEL/gRain/vignettes/figures/grain-che
st-LS-1.pdf>]
Package color Info: Redefining color shadecolor on input line 253.

Overfull \hbox (9.91022pt too wide) in paragraph at lines 261--261
[][]\OT1/cmtt/m/n/10 e.lt[] []<-[] []cptable[][]([][]~[][]either[][]|[][]lung[]
[]:[][]tub,[] []values[][]=[][]c[][]([][]1[][],[] []0[][],[] []1[][],[] []0[][]
,[] []1[][],[] []0[][],[] []0[][],[] []1[][]),[] []levels[][]=yn)[][] 
 []


Overfull \hbox (20.41013pt too wide) in paragraph at lines 263--263
[][]\OT1/cmtt/m/n/10 d.be[] []<-[] []cptable[][]([][]~[][]dysp[][]|[][]bronc[][
]:[][]either,[] []values[][]=[][]c[][]([][]9[][],[] []1[][],[] []7[][],[] []3[]
[],[] []8[][],[] []2[][],[] []1[][],[] []9[][]),[] []levels[][]=yn)[][] 
 []

[3]
Package color Info: Redefining color shadecolor on input line 271.
Package color Info: Redefining color shadecolor on input line 312.

Overfull \hbox (20.41013pt too wide) in paragraph at lines 320--320
[]\OT1/cmtt/m/n/10 ##   Nodes: chr [1:8] "asia" "tub" "smoke" "lung" "bronc" "e
ither" "xray" "dysp"[] 
 []

Package color Info: Redefining color shadecolor on input line 329.
Package color Info: Redefining color shadecolor on input line 345.
[4]
Package color Info: Redefining color shadecolor on input line 366.
Package color Info: Redefining color shadecolor on input line 382.
Package color Info: Redefining color shadecolor on input line 393.
Package color Info: Redefining color shadecolor on input line 405.
Package color Info: Redefining color shadecolor on input line 438.
 [5]
Package color Info: Redefining color shadecolor on input line 459.
Package color Info: Redefining color shadecolor on input line 472.
Package color Info: Redefining color shadecolor on input line 497.
 [6]
Package color Info: Redefining color shadecolor on input line 532.
Package color Info: Redefining color shadecolor on input line 573.
Package color Info: Redefining color shadecolor on input line 613.
 [7]
Package color Info: Redefining color shadecolor on input line 635.
Package color Info: Redefining color shadecolor on input line 666.
 [8]
Package color Info: Redefining color shadecolor on input line 775.
 [9]
Package color Info: Redefining color shadecolor on input line 846.
Package color Info: Redefining color shadecolor on input line 876.
 [10]
Package color Info: Redefining color shadecolor on input line 908.
Package color Info: Redefining color shadecolor on input line 922.
Package color Info: Redefining color shadecolor on input line 978.
 [11]
Package color Info: Redefining color shadecolor on input line 1003.
Package color Info: Redefining color shadecolor on input line 1019.
Package color Info: Redefining color shadecolor on input line 1068.
 [12]
<figures/grain-unnamed-chunk-31-1.pdf, id=63, 505.89pt x 216.81pt>
File: figures/grain-unnamed-chunk-31-1.pdf Graphic file (type pdf)

<use figures/grain-unnamed-chunk-31-1.pdf>
Package pdftex.def Info: figures/grain-unnamed-chunk-31-1.pdf used on input lin
e 1075.
(pdftex.def)             Requested size: 424.58624pt x 181.97028pt.
Package color Info: Redefining color shadecolor on input line 1081.

Overfull \hbox (11.15996pt too wide) in paragraph at lines 1083--1083
[][]\OT1/cmtt/m/n/10 dat[] []<-[] []newar[][]([][]c[][]([][]"A"[][],[] []"B"[][
],[] []"C"[][]),[] []levels[][]=[][]c[][]([][]2[][],[] []2[][],[] []2[][]),[] [
]values[][]=[][]c[][]([][]0[][],[] []0[][],[] []2[][],[] []3[][],[] []1[][],[] 
[]2[][],[] []1[][],[] []4[][]))[][] 
 []

Package color Info: Redefining color shadecolor on input line 1095.
Package color Info: Redefining color shadecolor on input line 1114.
[13 </home/sorenh/rdevel/gmwR-DEVEL/grainDEVEL/gRain/vignettes/figures/grain-un
named-chunk-31-1.pdf>]
Package color Info: Redefining color shadecolor on input line 1174.
Package color Info: Redefining color shadecolor on input line 1199.
 [14]
Package color Info: Redefining color shadecolor on input line 1223.
Package color Info: Redefining color shadecolor on input line 1235.
Package color Info: Redefining color shadecolor on input line 1264.
Package color Info: Redefining color shadecolor on input line 1273.
 [15]
Package color Info: Redefining color shadecolor on input line 1303.
Package color Info: Redefining color shadecolor on input line 1347.
 [16]
Package color Info: Redefining color shadecolor on input line 1384.
Package color Info: Redefining color shadecolor on input line 1392.
Package color Info: Redefining color shadecolor on input line 1415.
 [17]
Package color Info: Redefining color shadecolor on input line 1459.

(/home/sorenh/rdevel/gmwR-DEVEL/grainDEVEL/gRain/vignettes/gRain-intro.bbl
[18]) [19]
(/home/sorenh/rdevel/gmwR-DEVEL/grainDEVEL/gRain/vignettes/gRain-intro.aux) ) 
Here is how much of TeX's memory you used:
 2472 strings out of 494953
 34798 string characters out of 6180977
 100361 words of memory out of 5000000
 5707 multiletter control sequences out of 15000+600000
 9052 words of font info for 33 fonts, out of 8000000 for 9000
 14 hyphenation exceptions out of 8191
 38i,8n,32p,811b,314s stack positions out of 5000i,500n,10000p,200000b,80000s
</
usr/share/texlive/texmf-dist/fonts/type1/public/amsfonts/cm/cmbx10.pfb></usr/sh
are/texlive/texmf-dist/fonts/type1/public/amsfonts/cm/cmbx12.pfb></usr/share/te
xlive/texmf-dist/fonts/type1/public/amsfonts/cm/cmex10.pfb></usr/share/texlive/
texmf-dist/fonts/type1/public/amsfonts/cm/cmitt10.pfb></usr/share/texlive/texmf
-dist/fonts/type1/public/amsfonts/cm/cmmi10.pfb></usr/share/texlive/texmf-dist/
fonts/type1/public/amsfonts/cm/cmmi7.pfb></usr/share/texlive/texmf-dist/fonts/t
ype1/public/amsfonts/cm/cmr10.pfb></usr/share/texlive/texmf-dist/fonts/type1/pu
blic/amsfonts/cm/cmr12.pfb></usr/share/texlive/texmf-dist/fonts/type1/public/am
sfonts/cm/cmr17.pfb></usr/share/texlive/texmf-dist/fonts/type1/public/amsfonts/
cm/cmr6.pfb></usr/share/texlive/texmf-dist/fonts/type1/public/amsfonts/cm/cmr7.
pfb></usr/share/texlive/texmf-dist/fonts/type1/public/amsfonts/cm/cmr8.pfb></us
r/share/texlive/texmf-dist/fonts/type1/public/amsfonts/cm/cmsy10.pfb></usr/shar
e/texlive/texmf-dist/fonts/type1/public/amsfonts/cm/cmsy5.pfb></usr/share/texli
ve/texmf-dist/fonts/type1/public/amsfonts/cm/cmsy7.pfb></usr/share/texlive/texm
f-dist/fonts/type1/public/amsfonts/cm/cmti10.pfb></usr/share/texlive/texmf-dist
/fonts/type1/public/amsfonts/cm/cmtt10.pfb></usr/share/texlive/texmf-dist/fonts
/type1/public/amsfonts/cm/cmtt8.pfb>
Output written on gRain-intro.pdf (19 pages, 255028 bytes).
PDF statistics:
 151 PDF objects out of 1000 (max. 8388607)
 106 compressed objects within 2 object streams
 0 named destinations out of 1000 (max. 500000)
 11 words of extra memory for PDF output out of 10000 (max. 10000000)

